<?xml version="1.0" encoding="UTF-8"?>
<testsuite name="aup.cs.HelloWorldTest" tests="1" skipped="0" failures="0" errors="0" timestamp="2018-03-13T09:56:33" hostname="amutiara-cs1050-5834073" time="0.006">
  <properties/>
  <testcase name="testSomething" classname="aup.cs.HelloWorldTest" time="0.006"/>
  <system-out><![CDATA[]]></system-out>
  <system-err><![CDATA[]]></system-err>
</testsuite>
