<?xml version="1.0" encoding="UTF-8"?>
<testsuite name="aup.cs.HelloWorldTest" tests="1" skipped="0" failures="0" errors="0" timestamp="2018-03-23T10:24:06" hostname="amutiara-cs1050-5834073" time="0.004">
  <properties/>
  <testcase name="testSomething" classname="aup.cs.HelloWorldTest" time="0.004"/>
  <system-out><![CDATA[]]></system-out>
  <system-err><![CDATA[]]></system-err>
</testsuite>
